<?xml version="1.0" encoding="UTF-8" ?>
<testsuite errors="0" failures="0" hostname="tuanp" name="com.cloud.test.ServiceTest" skipped="0" tests="1" time="0.461" timestamp="2016-06-07T03:25:43">
  <properties>
    <property name="java.vendor" value="Oracle Corporation" />
    <property name="databaseUser" value="sa" />
    <property name="lib.dir" value="lib" />
    <property name="sun.java.launcher" value="SUN_STANDARD" />
    <property name="sun.management.compiler" value="HotSpot 64-Bit Tiered Compilers" />
    <property name="os.name" value="Windows 7" />
    <property name="sun.boot.class.path" value="C:\Program Files\Java\jdk1.8.0_25\jre\lib\resources.jar;C:\Program Files\Java\jdk1.8.0_25\jre\lib\rt.jar;C:\Program Files\Java\jdk1.8.0_25\jre\lib\sunrsasign.jar;C:\Program Files\Java\jdk1.8.0_25\jre\lib\jsse.jar;C:\Program Files\Java\jdk1.8.0_25\jre\lib\jce.jar;C:\Program Files\Java\jdk1.8.0_25\jre\lib\charsets.jar;C:\Program Files\Java\jdk1.8.0_25\jre\lib\jfr.jar;C:\Program Files\Java\jdk1.8.0_25\jre\classes" />
    <property name="TODAY" value="June 7 2016" />
    <property name="sun.desktop" value="windows" />
    <property name="java.vm.specification.vendor" value="Oracle Corporation" />
    <property name="ant.home" value="D:\tools\apache-ant-1.9.7" />
    <property name="java.runtime.version" value="1.8.0_25-b18" />
    <property name="ant.file.ojb-blank" value="D:\projects\vr\DOC\thay_tung\ojb-blank\build.xml" />
    <property name="databaseName" value="ojb_blank" />
    <property name="user.name" value="ptuan" />
    <property name="build.dir" value="build" />
    <property name="torque.database.buildUrl" value="jdbc:hsqldb:build/database/ojb_blank" />
    <property name="user.language" value="en" />
    <property name="java.naming.factory.initial" value="org.jnp.interfaces.NamingContextFactory" />
    <property name="source.schema.dir" value="src/schema" />
    <property name="jdbcRuntimeDriver" value="org.hsqldb.jdbcDriver" />
    <property name="sun.boot.library.path" value="C:\Program Files\Java\jdk1.8.0_25\jre\bin" />
    <property name="dbmsName" value="Hsqldb" />
    <property name="ant.project.default-target" value="build" />
    <property name="ant.project.name" value="ojb-blank" />
    <property name="DSTAMP" value="20160607" />
    <property name="databasePassword" value="" />
    <property name="java.version" value="1.8.0_25" />
    <property name="user.timezone" value="Asia/Bangkok" />
    <property name="sun.arch.data.model" value="64" />
    <property name="jcdAlias" value="default" />
    <property name="java.endorsed.dirs" value="C:\Program Files\Java\jdk1.8.0_25\jre\lib\endorsed" />
    <property name="sun.cpu.isalist" value="amd64" />
    <property name="sun.jnu.encoding" value="Cp1252" />
    <property name="file.encoding.pkg" value="sun.io" />
    <property name="file.separator" value="\" />
    <property name="java.specification.name" value="Java Platform API Specification" />
    <property name="java.class.version" value="52.0" />
    <property name="source.test.dir" value="src/test" />
    <property name="user.country" value="US" />
    <property name="java.home" value="C:\Program Files\Java\jdk1.8.0_25\jre" />
    <property name="java.vm.info" value="mixed mode" />
    <property name="ant.file" value="D:\projects\vr\DOC\thay_tung\ojb-blank\build.xml" />
    <property name="os.version" value="6.1" />
    <property name="urlSubprotocol" value="hsqldb" />
    <property name="torque.database" value="hypersonic" />
    <property name="path.separator" value=";" />
    <property name="java.vm.version" value="25.25-b02" />
    <property name="ant.file.type.ojb-blank" value="file" />
    <property name="user.variant" value="" />
    <property name="ant.library.dir" value="D:\tools\apache-ant-1.9.7\lib" />
    <property name="source.java.dir" value="src/java" />
    <property name="java.awt.printerjob" value="sun.awt.windows.WPrinterJob" />
    <property name="sun.io.unicode.encoding" value="UnicodeLittle" />
    <property name="awt.toolkit" value="sun.awt.windows.WToolkit" />
    <property name="sun.stdout.encoding" value="cp437" />
    <property name="user.script" value="" />
    <property name="java.naming.factory.url.pkgs" value="org.jboss.naming:org.jnp.interfaces" />
    <property name="user.home" value="C:\Users\ptuan" />
    <property name="java.specification.vendor" value="Oracle Corporation" />
    <property name="java.library.path" value="C:\Program Files\Java\jdk1.8.0_25\bin;C:\Windows\Sun\Java\bin;C:\Windows\system32;C:\Windows;C:\oraclexe\app\oracle\product\11.2.0\server\bin;;C:\Program Files (x86)\Serena\Dimensions 12.2\CM\prog64;C:\Program Files (x86)\Serena\Dimensions 12.2\CM\prog;C:\ProgramData\Oracle\Java\javapath;C:\Windows\system32;C:\Windows;C:\Windows\System32\Wbem;C:\Windows\System32\WindowsPowerShell\v1.0\;C:\Program Files\TortoiseSVN\bin;C:\Program Files (x86)\Skype\Phone\;C:\Program Files (x86)\WinMerge;C:\Program Files (x86)\Windows Kits\8.1\Windows Performance Toolkit\;C:\Program Files\Java\jdk1.8.0_25\bin;D:\projects\vr\JAVA\mingw\bin;D:\projects\vr\JAVA\mingw\msys\1.0\bin;D:\tools\apache-maven-3.3.3\bin;D:\tools\apache-ant-1.9.7\bin;D:\server_db\mysql-5.6.17-x86\bin;D:\server_db\mongodb-64-2.6.6\bin;D:\server_db\sqlite-shell-win32-x86-3080803;C:\Windows\system32;C:\Windows;C:\Windows\System32\Wbem;C:\Windows\System32\WindowsPowerShell\v1.0\;C:\Program Files\TortoiseSVN\bin;C:\Program Files (x86)\Skype\Phone\;d:\tools\Git\cmd;C:\Program Files (x86)\CVSNT\;." />
    <property name="java.vendor.url" value="http://java.oracle.com/" />
    <property name="java.vm.vendor" value="Oracle Corporation" />
    <property name="torque.database.createUrl" value="jdbc:hsqldb:build/database/ojb_blank" />
    <property name="java.runtime.name" value="Java(TM) SE Runtime Environment" />
    <property name="sun.java.command" value="org.apache.tools.ant.launch.Launcher test -Dclient.class org.apache.ojb.ejb.AllPBTests -Djava.naming.factory.initial org.jnp.interfaces.NamingContextFactory -Djava.naming.provider.url jnp://localhost:1099 -Djava.naming.factory.url.pkgs org.jboss.naming:org.jnp.interfaces" />
    <property name="java.class.path" value="D:\tools\apache-ant-1.9.7\lib\ant-launcher.jar;D:\tools\apache-ant-1.9.7\lib\ant-antlr.jar;D:\tools\apache-ant-1.9.7\lib\ant-apache-bcel.jar;D:\tools\apache-ant-1.9.7\lib\ant-apache-bsf.jar;D:\tools\apache-ant-1.9.7\lib\ant-apache-log4j.jar;D:\tools\apache-ant-1.9.7\lib\ant-apache-oro.jar;D:\tools\apache-ant-1.9.7\lib\ant-apache-regexp.jar;D:\tools\apache-ant-1.9.7\lib\ant-apache-resolver.jar;D:\tools\apache-ant-1.9.7\lib\ant-apache-xalan2.jar;D:\tools\apache-ant-1.9.7\lib\ant-commons-logging.jar;D:\tools\apache-ant-1.9.7\lib\ant-commons-net.jar;D:\tools\apache-ant-1.9.7\lib\ant-jai.jar;D:\tools\apache-ant-1.9.7\lib\ant-javamail.jar;D:\tools\apache-ant-1.9.7\lib\ant-jdepend.jar;D:\tools\apache-ant-1.9.7\lib\ant-jmf.jar;D:\tools\apache-ant-1.9.7\lib\ant-jsch.jar;D:\tools\apache-ant-1.9.7\lib\ant-junit.jar;D:\tools\apache-ant-1.9.7\lib\ant-junit4.jar;D:\tools\apache-ant-1.9.7\lib\ant-launcher.jar;D:\tools\apache-ant-1.9.7\lib\ant-netrexx.jar;D:\tools\apache-ant-1.9.7\lib\ant-swing.jar;D:\tools\apache-ant-1.9.7\lib\ant-testutil.jar;D:\tools\apache-ant-1.9.7\lib\ant.jar;C:\Program Files\Java\jdk1.8.0_25\lib\tools.jar" />
    <property name="ant.version" value="Apache Ant(TM) version 1.9.7 compiled on April 9 2016" />
    <property name="TSTAMP" value="1025" />
    <property name="java.vm.specification.name" value="Java Virtual Machine Specification" />
    <property name="ant.file.type" value="file" />
    <property name="java.vm.specification.version" value="1.8" />
    <property name="sun.os.patch.level" value="Service Pack 1" />
    <property name="sun.cpu.endian" value="little" />
    <property name="urlProtocol" value="jdbc" />
    <property name="java.io.tmpdir" value="C:\Users\ptuan\AppData\Local\Temp\" />
    <property name="source.resource.dir" value="src/resources" />
    <property name="java.vendor.url.bug" value="http://bugreport.sun.com/bugreport/" />
    <property name="urlDbalias" value="database/ojb_blank" />
    <property name="java.awt.graphicsenv" value="sun.awt.Win32GraphicsEnvironment" />
    <property name="os.arch" value="amd64" />
    <property name="java.ext.dirs" value="C:\Program Files\Java\jdk1.8.0_25\jre\lib\ext;C:\Windows\Sun\Java\lib\ext" />
    <property name="user.dir" value="D:\projects\vr\DOC\thay_tung\ojb-blank" />
    <property name="line.separator" value="&#xd;&#xa;" />
    <property name="java.vm.name" value="Java HotSpot(TM) 64-Bit Server VM" />
    <property name="basedir" value="D:\projects\vr\DOC\thay_tung\ojb-blank" />
    <property name="ant.java.version" value="1.8" />
    <property name="java.naming.provider.url" value="jnp://localhost:1099" />
    <property name="ant.core.lib" value="D:\tools\apache-ant-1.9.7\lib\ant.jar" />
    <property name="jar.name" value="my-project.jar" />
    <property name="client.class" value="org.apache.ojb.ejb.AllPBTests" />
    <property name="file.encoding" value="Cp1252" />
    <property name="sun.stderr.encoding" value="cp437" />
    <property name="target.dir" value="target" />
    <property name="source.dir" value="src" />
    <property name="java.specification.version" value="1.8" />
    <property name="ant.project.invoked-targets" value="test" />
    <property name="jdbcLevel" value="2.0" />
  </properties>
  <testcase classname="com.cloud.test.ServiceTest" name="testDb" time="0.442" />
  <system-out><![CDATA[===========setup=============
[BOOT] INFO: -- boot log messages -->
[BOOT] INFO: Found logging properties file: OJB-logging.properties
[BOOT] INFO: Logging: Found logger class 'org.apache.ojb.broker.util.logging.PoorMansLoggerImpl

[BOOT] INFO: Loading OJB's properties: file:/D:/projects/vr/DOC/thay_tung/ojb-blank/OJB.properties
[BOOT] INFO: PersistencebrokerFactory class instantiated: org.apache.ojb.broker.core.PersistenceBrokerFactoryDefaultImpl@36b4cef0
[org.apache.ojb.broker.accesslayer.ConnectionFactoryAbstractImpl] ERROR: Naming Exception while looking up DataSource (java:DefaultDS)
Need to specify class name in environment or system property, or as an applet parameter, or in an application resource file:  java.naming.factory.initial
[org.apache.ojb.odmg.TransactionImpl] ERROR: Could not prepare for commit
Can't lookup a connection
[org.apache.ojb.odmg.TransactionImpl] ERROR: Error while commit objects, do abort tx org.apache.ojb.odmg.TransactionImpl@70be0a2b, Can't lookup a connection
Can't lookup a connection
===========teardown=============
]]></system-out>
  <system-err><![CDATA[javax.naming.NoInitialContextException: Need to specify class name in environment or system property, or as an applet parameter, or in an application resource file:  java.naming.factory.initial
	at javax.naming.spi.NamingManager.getInitialContext(NamingManager.java:662)
	at javax.naming.InitialContext.getDefaultInitCtx(InitialContext.java:313)
	at javax.naming.InitialContext.getURLOrDefaultInitCtx(InitialContext.java:350)
	at javax.naming.InitialContext.lookup(InitialContext.java:417)
	at org.apache.ojb.broker.accesslayer.ConnectionFactoryAbstractImpl.newConnectionFromDataSource(Unknown Source)
	at org.apache.ojb.broker.accesslayer.ConnectionFactoryAbstractImpl.lookupConnection(Unknown Source)
	at org.apache.ojb.broker.accesslayer.ConnectionManagerImpl.getConnection(Unknown Source)
	at org.apache.ojb.broker.accesslayer.ConnectionManagerImpl.localBegin(Unknown Source)
	at org.apache.ojb.broker.core.PersistenceBrokerImpl.beginTransaction(Unknown Source)
	at org.apache.ojb.broker.core.DelegatingPersistenceBroker.beginTransaction(Unknown Source)
	at org.apache.ojb.broker.core.DelegatingPersistenceBroker.beginTransaction(Unknown Source)
	at org.apache.ojb.odmg.TransactionImpl.doWriteObjects(Unknown Source)
	at org.apache.ojb.odmg.TransactionImpl.prepareCommit(Unknown Source)
	at org.apache.ojb.odmg.TransactionImpl.commit(Unknown Source)
	at com.cloud.test.ServiceTest.testDb(ServiceTest.java:40)
	at sun.reflect.NativeMethodAccessorImpl.invoke0(Native Method)
	at sun.reflect.NativeMethodAccessorImpl.invoke(NativeMethodAccessorImpl.java:62)
	at sun.reflect.DelegatingMethodAccessorImpl.invoke(DelegatingMethodAccessorImpl.java:43)
	at java.lang.reflect.Method.invoke(Method.java:483)
	at junit.framework.TestCase.runTest(TestCase.java:154)
	at junit.framework.TestCase.runBare(TestCase.java:127)
	at junit.framework.TestResult$1.protect(TestResult.java:106)
	at junit.framework.TestResult.runProtected(TestResult.java:124)
	at junit.framework.TestResult.run(TestResult.java:109)
	at junit.framework.TestCase.run(TestCase.java:118)
	at junit.framework.TestSuite.runTest(TestSuite.java:208)
	at junit.framework.TestSuite.run(TestSuite.java:203)
	at org.apache.tools.ant.taskdefs.optional.junit.JUnitTestRunner.run(JUnitTestRunner.java:535)
	at org.apache.tools.ant.taskdefs.optional.junit.JUnitTask.executeInVM(JUnitTask.java:1621)
	at org.apache.tools.ant.taskdefs.optional.junit.JUnitTask.execute(JUnitTask.java:1021)
	at org.apache.tools.ant.taskdefs.optional.junit.JUnitTask.executeOrQueue(JUnitTask.java:2105)
	at org.apache.tools.ant.taskdefs.optional.junit.JUnitTask.execute(JUnitTask.java:832)
	at org.apache.tools.ant.UnknownElement.execute(UnknownElement.java:293)
	at sun.reflect.NativeMethodAccessorImpl.invoke0(Native Method)
	at sun.reflect.NativeMethodAccessorImpl.invoke(NativeMethodAccessorImpl.java:62)
	at sun.reflect.DelegatingMethodAccessorImpl.invoke(DelegatingMethodAccessorImpl.java:43)
	at java.lang.reflect.Method.invoke(Method.java:483)
	at org.apache.tools.ant.dispatch.DispatchUtils.execute(DispatchUtils.java:106)
	at org.apache.tools.ant.Task.perform(Task.java:348)
	at org.apache.tools.ant.Target.execute(Target.java:435)
	at org.apache.tools.ant.Target.performTasks(Target.java:456)
	at org.apache.tools.ant.Project.executeSortedTargets(Project.java:1405)
	at org.apache.tools.ant.Project.executeTarget(Project.java:1376)
	at org.apache.tools.ant.helper.DefaultExecutor.executeTargets(DefaultExecutor.java:41)
	at org.apache.tools.ant.Project.executeTargets(Project.java:1260)
	at org.apache.tools.ant.Main.runBuild(Main.java:854)
	at org.apache.tools.ant.Main.startAnt(Main.java:236)
	at org.apache.tools.ant.launch.Launcher.run(Launcher.java:285)
	at org.apache.tools.ant.launch.Launcher.main(Launcher.java:112)
org.apache.ojb.broker.PersistenceBrokerException: Can't lookup a connection
	at org.apache.ojb.broker.accesslayer.ConnectionManagerImpl.localBegin(Unknown Source)
	at org.apache.ojb.broker.core.PersistenceBrokerImpl.beginTransaction(Unknown Source)
	at org.apache.ojb.broker.core.DelegatingPersistenceBroker.beginTransaction(Unknown Source)
	at org.apache.ojb.broker.core.DelegatingPersistenceBroker.beginTransaction(Unknown Source)
	at org.apache.ojb.odmg.TransactionImpl.doWriteObjects(Unknown Source)
	at org.apache.ojb.odmg.TransactionImpl.prepareCommit(Unknown Source)
	at org.apache.ojb.odmg.TransactionImpl.commit(Unknown Source)
	at com.cloud.test.ServiceTest.testDb(ServiceTest.java:40)
	at sun.reflect.NativeMethodAccessorImpl.invoke0(Native Method)
	at sun.reflect.NativeMethodAccessorImpl.invoke(NativeMethodAccessorImpl.java:62)
	at sun.reflect.DelegatingMethodAccessorImpl.invoke(DelegatingMethodAccessorImpl.java:43)
	at java.lang.reflect.Method.invoke(Method.java:483)
	at junit.framework.TestCase.runTest(TestCase.java:154)
	at junit.framework.TestCase.runBare(TestCase.java:127)
	at junit.framework.TestResult$1.protect(TestResult.java:106)
	at junit.framework.TestResult.runProtected(TestResult.java:124)
	at junit.framework.TestResult.run(TestResult.java:109)
	at junit.framework.TestCase.run(TestCase.java:118)
	at junit.framework.TestSuite.runTest(TestSuite.java:208)
	at junit.framework.TestSuite.run(TestSuite.java:203)
	at org.apache.tools.ant.taskdefs.optional.junit.JUnitTestRunner.run(JUnitTestRunner.java:535)
	at org.apache.tools.ant.taskdefs.optional.junit.JUnitTask.executeInVM(JUnitTask.java:1621)
	at org.apache.tools.ant.taskdefs.optional.junit.JUnitTask.execute(JUnitTask.java:1021)
	at org.apache.tools.ant.taskdefs.optional.junit.JUnitTask.executeOrQueue(JUnitTask.java:2105)
	at org.apache.tools.ant.taskdefs.optional.junit.JUnitTask.execute(JUnitTask.java:832)
	at org.apache.tools.ant.UnknownElement.execute(UnknownElement.java:293)
	at sun.reflect.NativeMethodAccessorImpl.invoke0(Native Method)
	at sun.reflect.NativeMethodAccessorImpl.invoke(NativeMethodAccessorImpl.java:62)
	at sun.reflect.DelegatingMethodAccessorImpl.invoke(DelegatingMethodAccessorImpl.java:43)
	at java.lang.reflect.Method.invoke(Method.java:483)
	at org.apache.tools.ant.dispatch.DispatchUtils.execute(DispatchUtils.java:106)
	at org.apache.tools.ant.Task.perform(Task.java:348)
	at org.apache.tools.ant.Target.execute(Target.java:435)
	at org.apache.tools.ant.Target.performTasks(Target.java:456)
	at org.apache.tools.ant.Project.executeSortedTargets(Project.java:1405)
	at org.apache.tools.ant.Project.executeTarget(Project.java:1376)
	at org.apache.tools.ant.helper.DefaultExecutor.executeTargets(DefaultExecutor.java:41)
	at org.apache.tools.ant.Project.executeTargets(Project.java:1260)
	at org.apache.tools.ant.Main.runBuild(Main.java:854)
	at org.apache.tools.ant.Main.startAnt(Main.java:236)
	at org.apache.tools.ant.launch.Launcher.run(Launcher.java:285)
	at org.apache.tools.ant.launch.Launcher.main(Launcher.java:112)
Caused by: org.apache.ojb.broker.accesslayer.LookupException: Naming Exception while looking up DataSource (java:DefaultDS)
	at org.apache.ojb.broker.accesslayer.ConnectionFactoryAbstractImpl.newConnectionFromDataSource(Unknown Source)
	at org.apache.ojb.broker.accesslayer.ConnectionFactoryAbstractImpl.lookupConnection(Unknown Source)
	at org.apache.ojb.broker.accesslayer.ConnectionManagerImpl.getConnection(Unknown Source)
	... 42 more
Caused by: javax.naming.NoInitialContextException: Need to specify class name in environment or system property, or as an applet parameter, or in an application resource file:  java.naming.factory.initial
	at javax.naming.spi.NamingManager.getInitialContext(NamingManager.java:662)
	at javax.naming.InitialContext.getDefaultInitCtx(InitialContext.java:313)
	at javax.naming.InitialContext.getURLOrDefaultInitCtx(InitialContext.java:350)
	at javax.naming.InitialContext.lookup(InitialContext.java:417)
	... 45 more
org.apache.ojb.broker.PersistenceBrokerException: Can't lookup a connection
	at org.apache.ojb.broker.accesslayer.ConnectionManagerImpl.localBegin(Unknown Source)
	at org.apache.ojb.broker.core.PersistenceBrokerImpl.beginTransaction(Unknown Source)
	at org.apache.ojb.broker.core.DelegatingPersistenceBroker.beginTransaction(Unknown Source)
	at org.apache.ojb.broker.core.DelegatingPersistenceBroker.beginTransaction(Unknown Source)
	at org.apache.ojb.odmg.TransactionImpl.doWriteObjects(Unknown Source)
	at org.apache.ojb.odmg.TransactionImpl.prepareCommit(Unknown Source)
	at org.apache.ojb.odmg.TransactionImpl.commit(Unknown Source)
	at com.cloud.test.ServiceTest.testDb(ServiceTest.java:40)
	at sun.reflect.NativeMethodAccessorImpl.invoke0(Native Method)
	at sun.reflect.NativeMethodAccessorImpl.invoke(NativeMethodAccessorImpl.java:62)
	at sun.reflect.DelegatingMethodAccessorImpl.invoke(DelegatingMethodAccessorImpl.java:43)
	at java.lang.reflect.Method.invoke(Method.java:483)
	at junit.framework.TestCase.runTest(TestCase.java:154)
	at junit.framework.TestCase.runBare(TestCase.java:127)
	at junit.framework.TestResult$1.protect(TestResult.java:106)
	at junit.framework.TestResult.runProtected(TestResult.java:124)
	at junit.framework.TestResult.run(TestResult.java:109)
	at junit.framework.TestCase.run(TestCase.java:118)
	at junit.framework.TestSuite.runTest(TestSuite.java:208)
	at junit.framework.TestSuite.run(TestSuite.java:203)
	at org.apache.tools.ant.taskdefs.optional.junit.JUnitTestRunner.run(JUnitTestRunner.java:535)
	at org.apache.tools.ant.taskdefs.optional.junit.JUnitTask.executeInVM(JUnitTask.java:1621)
	at org.apache.tools.ant.taskdefs.optional.junit.JUnitTask.execute(JUnitTask.java:1021)
	at org.apache.tools.ant.taskdefs.optional.junit.JUnitTask.executeOrQueue(JUnitTask.java:2105)
	at org.apache.tools.ant.taskdefs.optional.junit.JUnitTask.execute(JUnitTask.java:832)
	at org.apache.tools.ant.UnknownElement.execute(UnknownElement.java:293)
	at sun.reflect.NativeMethodAccessorImpl.invoke0(Native Method)
	at sun.reflect.NativeMethodAccessorImpl.invoke(NativeMethodAccessorImpl.java:62)
	at sun.reflect.DelegatingMethodAccessorImpl.invoke(DelegatingMethodAccessorImpl.java:43)
	at java.lang.reflect.Method.invoke(Method.java:483)
	at org.apache.tools.ant.dispatch.DispatchUtils.execute(DispatchUtils.java:106)
	at org.apache.tools.ant.Task.perform(Task.java:348)
	at org.apache.tools.ant.Target.execute(Target.java:435)
	at org.apache.tools.ant.Target.performTasks(Target.java:456)
	at org.apache.tools.ant.Project.executeSortedTargets(Project.java:1405)
	at org.apache.tools.ant.Project.executeTarget(Project.java:1376)
	at org.apache.tools.ant.helper.DefaultExecutor.executeTargets(DefaultExecutor.java:41)
	at org.apache.tools.ant.Project.executeTargets(Project.java:1260)
	at org.apache.tools.ant.Main.runBuild(Main.java:854)
	at org.apache.tools.ant.Main.startAnt(Main.java:236)
	at org.apache.tools.ant.launch.Launcher.run(Launcher.java:285)
	at org.apache.tools.ant.launch.Launcher.main(Launcher.java:112)
Caused by: org.apache.ojb.broker.accesslayer.LookupException: Naming Exception while looking up DataSource (java:DefaultDS)
	at org.apache.ojb.broker.accesslayer.ConnectionFactoryAbstractImpl.newConnectionFromDataSource(Unknown Source)
	at org.apache.ojb.broker.accesslayer.ConnectionFactoryAbstractImpl.lookupConnection(Unknown Source)
	at org.apache.ojb.broker.accesslayer.ConnectionManagerImpl.getConnection(Unknown Source)
	... 42 more
Caused by: javax.naming.NoInitialContextException: Need to specify class name in environment or system property, or as an applet parameter, or in an application resource file:  java.naming.factory.initial
	at javax.naming.spi.NamingManager.getInitialContext(NamingManager.java:662)
	at javax.naming.InitialContext.getDefaultInitCtx(InitialContext.java:313)
	at javax.naming.InitialContext.getURLOrDefaultInitCtx(InitialContext.java:350)
	at javax.naming.InitialContext.lookup(InitialContext.java:417)
	... 45 more
org.apache.ojb.odmg.TransactionAbortedExceptionOJB: Can't commit objects: Can't lookup a connection
	at org.apache.ojb.odmg.TransactionImpl.commit(Unknown Source)
	at com.cloud.test.ServiceTest.testDb(ServiceTest.java:40)
	at sun.reflect.NativeMethodAccessorImpl.invoke0(Native Method)
	at sun.reflect.NativeMethodAccessorImpl.invoke(NativeMethodAccessorImpl.java:62)
	at sun.reflect.DelegatingMethodAccessorImpl.invoke(DelegatingMethodAccessorImpl.java:43)
	at java.lang.reflect.Method.invoke(Method.java:483)
	at junit.framework.TestCase.runTest(TestCase.java:154)
	at junit.framework.TestCase.runBare(TestCase.java:127)
	at junit.framework.TestResult$1.protect(TestResult.java:106)
	at junit.framework.TestResult.runProtected(TestResult.java:124)
	at junit.framework.TestResult.run(TestResult.java:109)
	at junit.framework.TestCase.run(TestCase.java:118)
	at junit.framework.TestSuite.runTest(TestSuite.java:208)
	at junit.framework.TestSuite.run(TestSuite.java:203)
	at org.apache.tools.ant.taskdefs.optional.junit.JUnitTestRunner.run(JUnitTestRunner.java:535)
	at org.apache.tools.ant.taskdefs.optional.junit.JUnitTask.executeInVM(JUnitTask.java:1621)
	at org.apache.tools.ant.taskdefs.optional.junit.JUnitTask.execute(JUnitTask.java:1021)
	at org.apache.tools.ant.taskdefs.optional.junit.JUnitTask.executeOrQueue(JUnitTask.java:2105)
	at org.apache.tools.ant.taskdefs.optional.junit.JUnitTask.execute(JUnitTask.java:832)
	at org.apache.tools.ant.UnknownElement.execute(UnknownElement.java:293)
	at sun.reflect.NativeMethodAccessorImpl.invoke0(Native Method)
	at sun.reflect.NativeMethodAccessorImpl.invoke(NativeMethodAccessorImpl.java:62)
	at sun.reflect.DelegatingMethodAccessorImpl.invoke(DelegatingMethodAccessorImpl.java:43)
	at java.lang.reflect.Method.invoke(Method.java:483)
	at org.apache.tools.ant.dispatch.DispatchUtils.execute(DispatchUtils.java:106)
	at org.apache.tools.ant.Task.perform(Task.java:348)
	at org.apache.tools.ant.Target.execute(Target.java:435)
	at org.apache.tools.ant.Target.performTasks(Target.java:456)
	at org.apache.tools.ant.Project.executeSortedTargets(Project.java:1405)
	at org.apache.tools.ant.Project.executeTarget(Project.java:1376)
	at org.apache.tools.ant.helper.DefaultExecutor.executeTargets(DefaultExecutor.java:41)
	at org.apache.tools.ant.Project.executeTargets(Project.java:1260)
	at org.apache.tools.ant.Main.runBuild(Main.java:854)
	at org.apache.tools.ant.Main.startAnt(Main.java:236)
	at org.apache.tools.ant.launch.Launcher.run(Launcher.java:285)
	at org.apache.tools.ant.launch.Launcher.main(Launcher.java:112)
Caused by: org.apache.ojb.broker.PersistenceBrokerException: Can't lookup a connection
	at org.apache.ojb.broker.accesslayer.ConnectionManagerImpl.localBegin(Unknown Source)
	at org.apache.ojb.broker.core.PersistenceBrokerImpl.beginTransaction(Unknown Source)
	at org.apache.ojb.broker.core.DelegatingPersistenceBroker.beginTransaction(Unknown Source)
	at org.apache.ojb.broker.core.DelegatingPersistenceBroker.beginTransaction(Unknown Source)
	at org.apache.ojb.odmg.TransactionImpl.doWriteObjects(Unknown Source)
	at org.apache.ojb.odmg.TransactionImpl.prepareCommit(Unknown Source)
	... 36 more
Caused by: org.apache.ojb.broker.accesslayer.LookupException: Naming Exception while looking up DataSource (java:DefaultDS)
	at org.apache.ojb.broker.accesslayer.ConnectionFactoryAbstractImpl.newConnectionFromDataSource(Unknown Source)
	at org.apache.ojb.broker.accesslayer.ConnectionFactoryAbstractImpl.lookupConnection(Unknown Source)
	at org.apache.ojb.broker.accesslayer.ConnectionManagerImpl.getConnection(Unknown Source)
	... 42 more
Caused by: javax.naming.NoInitialContextException: Need to specify class name in environment or system property, or as an applet parameter, or in an application resource file:  java.naming.factory.initial
	at javax.naming.spi.NamingManager.getInitialContext(NamingManager.java:662)
	at javax.naming.InitialContext.getDefaultInitCtx(InitialContext.java:313)
	at javax.naming.InitialContext.getURLOrDefaultInitCtx(InitialContext.java:350)
	at javax.naming.InitialContext.lookup(InitialContext.java:417)
	... 45 more
]]></system-err>
</testsuite>
